# JRE version: OpenJDK Runtime Environment Temurin-17.0.4.1+1 (17.0.4.1+1) (build 17.0.4.1+1)
# Java VM: OpenJDK 64-Bit Server VM Temurin-17.0.4.1+1 (17.0.4.1+1, mixed mode, sharing, tiered, compressed oops, compressed class ptrs, parallel gc, windows-amd64)
GC Precious Log:
 CPUs: 8 total, 8 available
 Memory: 7959M
 Large Page Support: Disabled
 NUMA Support: Disabled
 Compressed Oops: Enabled (32-bit)
 Alignments: Space 512K, Generation 512K, Heap 2M
 Heap Min Capacity: 100M
 Heap Initial Capacity: 100M
 Heap Max Capacity: 1G
 Pre-touch: Disabled
 Parallel Workers: 8
Heap:
 PSYoungGen      total 20480K, used 998K [0x00000000eab00000, 0x00000000ec000000, 0x0000000100000000)
  eden space 19456K, 2% used [0x00000000eab00000,0x00000000eab89bc8,0x00000000ebe00000)
  from space 1024K, 43% used [0x00000000ebe00000,0x00000000ebe70000,0x00000000ebf00000)
  to   space 512K, 0% used [0x00000000ebf80000,0x00000000ebf80000,0x00000000ec000000)
 ParOldGen       total 66560K, used 40518K [0x00000000c0000000, 0x00000000c4100000, 0x00000000eab00000)
  object space 66560K, 60% used [0x00000000c0000000,0x00000000c27918b8,0x00000000c4100000)
 Metaspace       used 57031K, committed 58368K, reserved 1105920K
  class space    used 6033K, committed 6592K, reserved 1048576K
GC Heap History (20 events):
Event: 18.031 GC heap before
{Heap before GC invocations=40 (full 2):
 PSYoungGen      total 19968K, used 19951K [0x00000000eab00000, 0x00000000ec000000, 0x0000000100000000)
  eden space 19456K, 99% used [0x00000000eab00000,0x00000000ebdfd348,0x00000000ebe00000)
  from space 512K, 98% used [0x00000000ebf00000,0x00000000ebf7ea98,0x00000000ebf80000)
  to   space 512K, 0% used [0x00000000ebf80000,0x00000000ebf80000,0x00000000ec000000)
 ParOldGen       total 68608K, used 54018K [0x00000000c0000000, 0x00000000c4300000, 0x00000000eab00000)
  object space 68608K, 78% used [0x00000000c0000000,0x00000000c34c0a58,0x00000000c4300000)
 Metaspace       used 50996K, committed 52160K, reserved 1097728K
  class space    used 5430K, committed 5888K, reserved 1048576K
}
Event: 18.032 GC heap after
{Heap after GC invocations=40 (full 2):
 PSYoungGen      total 19968K, used 512K [0x00000000eab00000, 0x00000000ec000000, 0x0000000100000000)
  eden space 19456K, 0% used [0x00000000eab00000,0x00000000eab00000,0x00000000ebe00000)
  from space 512K, 100% used [0x00000000ebf80000,0x00000000ec000000,0x00000000ec000000)
  to   space 1024K, 0% used [0x00000000ebe00000,0x00000000ebe00000,0x00000000ebf00000)
 ParOldGen       total 68608K, used 54431K [0x00000000c0000000, 0x00000000c4300000, 0x00000000eab00000)
  object space 68608K, 79% used [0x00000000c0000000,0x00000000c3527c58,0x00000000c4300000)
 Metaspace       used 50996K, committed 52160K, reserved 1097728K
  class space    used 5430K, committed 5888K, reserved 1048576K
}
Event: 18.670 GC heap before
{Heap before GC invocations=41 (full 2):
 PSYoungGen      total 19968K, used 19968K [0x00000000eab00000, 0x00000000ec000000, 0x0000000100000000)
  eden space 19456K, 100% used [0x00000000eab00000,0x00000000ebe00000,0x00000000ebe00000)
  from space 512K, 100% used [0x00000000ebf80000,0x00000000ec000000,0x00000000ec000000)
  to   space 1024K, 0% used [0x00000000ebe00000,0x00000000ebe00000,0x00000000ebf00000)
 ParOldGen       total 68608K, used 54431K [0x00000000c0000000, 0x00000000c4300000, 0x00000000eab00000)
  object space 68608K, 79% used [0x00000000c0000000,0x00000000c3527c58,0x00000000c4300000)
 Metaspace       used 52309K, committed 53504K, reserved 1097728K
  class space    used 5589K, committed 6080K, reserved 1048576K
}
Event: 18.672 GC heap after
{Heap after GC invocations=41 (full 2):
 PSYoungGen      total 20480K, used 384K [0x00000000eab00000, 0x00000000ec000000, 0x0000000100000000)
  eden space 19456K, 0% used [0x00000000eab00000,0x00000000eab00000,0x00000000ebe00000)
  from space 1024K, 37% used [0x00000000ebe00000,0x00000000ebe60000,0x00000000ebf00000)
  to   space 1024K, 0% used [0x00000000ebf00000,0x00000000ebf00000,0x00000000ec000000)
 ParOldGen       total 68608K, used 54911K [0x00000000c0000000, 0x00000000c4300000, 0x00000000eab00000)
  object space 68608K, 80% used [0x00000000c0000000,0x00000000c359fc58,0x00000000c4300000)
 Metaspace       used 52309K, committed 53504K, reserved 1097728K
  class space    used 5589K, committed 6080K, reserved 1048576K
}
Event: 19.063 GC heap before
{Heap before GC invocations=42 (full 2):
 PSYoungGen      total 20480K, used 19836K [0x00000000eab00000, 0x00000000ec000000, 0x0000000100000000)
  eden space 19456K, 99% used [0x00000000eab00000,0x00000000ebdff390,0x00000000ebe00000)
  from space 1024K, 37% used [0x00000000ebe00000,0x00000000ebe60000,0x00000000ebf00000)
  to   space 1024K, 0% used [0x00000000ebf00000,0x00000000ebf00000,0x00000000ec000000)
 ParOldGen       total 68608K, used 54911K [0x00000000c0000000, 0x00000000c4300000, 0x00000000eab00000)
  object space 68608K, 80% used [0x00000000c0000000,0x00000000c359fc58,0x00000000c4300000)
 Metaspace       used 53869K, committed 55104K, reserved 1105920K
  class space    used 5740K, committed 6272K, reserved 1048576K
}
Event: 19.065 GC heap after
{Heap after GC invocations=42 (full 2):
 PSYoungGen      total 20480K, used 512K [0x00000000eab00000, 0x00000000ec000000, 0x0000000100000000)
  eden space 19456K, 0% used [0x00000000eab00000,0x00000000eab00000,0x00000000ebe00000)
  from space 1024K, 50% used [0x00000000ebf00000,0x00000000ebf80000,0x00000000ec000000)
  to   space 1024K, 0% used [0x00000000ebe00000,0x00000000ebe00000,0x00000000ebf00000)
 ParOldGen       total 68608K, used 55175K [0x00000000c0000000, 0x00000000c4300000, 0x00000000eab00000)
  object space 68608K, 80% used [0x00000000c0000000,0x00000000c35e1c58,0x00000000c4300000)
 Metaspace       used 53869K, committed 55104K, reserved 1105920K
  class space    used 5740K, committed 6272K, reserved 1048576K
}
Event: 19.354 GC heap before
{Heap before GC invocations=43 (full 2):
 PSYoungGen      total 20480K, used 19968K [0x00000000eab00000, 0x00000000ec000000, 0x0000000100000000)
  eden space 19456K, 100% used [0x00000000eab00000,0x00000000ebe00000,0x00000000ebe00000)
  from space 1024K, 50% used [0x00000000ebf00000,0x00000000ebf80000,0x00000000ec000000)
  to   space 1024K, 0% used [0x00000000ebe00000,0x00000000ebe00000,0x00000000ebf00000)
 ParOldGen       total 68608K, used 55175K [0x00000000c0000000, 0x00000000c4300000, 0x00000000eab00000)
  object space 68608K, 80% used [0x00000000c0000000,0x00000000c35e1c58,0x00000000c4300000)
 Metaspace       used 54481K, committed 55744K, reserved 1105920K
  class space    used 5801K, committed 6336K, reserved 1048576K
}
Event: 19.355 GC heap after
{Heap after GC invocations=43 (full 2):
 PSYoungGen      total 20480K, used 988K [0x00000000eab00000, 0x00000000ec100000, 0x0000000100000000)
  eden space 19456K, 0% used [0x00000000eab00000,0x00000000eab00000,0x00000000ebe00000)
  from space 1024K, 96% used [0x00000000ebe00000,0x00000000ebef7390,0x00000000ebf00000)
  to   space 1536K, 0% used [0x00000000ebf80000,0x00000000ebf80000,0x00000000ec100000)
 ParOldGen       total 68608K, used 55567K [0x00000000c0000000, 0x00000000c4300000, 0x00000000eab00000)
  object space 68608K, 80% used [0x00000000c0000000,0x00000000c3643c58,0x00000000c4300000)
 Metaspace       used 54481K, committed 55744K, reserved 1105920K
  class space    used 5801K, committed 6336K, reserved 1048576K
}
Event: 19.438 GC heap before
{Heap before GC invocations=44 (full 2):
 PSYoungGen      total 20480K, used 20444K [0x00000000eab00000, 0x00000000ec100000, 0x0000000100000000)
  eden space 19456K, 100% used [0x00000000eab00000,0x00000000ebe00000,0x00000000ebe00000)
  from space 1024K, 96% used [0x00000000ebe00000,0x00000000ebef7390,0x00000000ebf00000)
  to   space 1536K, 0% used [0x00000000ebf80000,0x00000000ebf80000,0x00000000ec100000)
 ParOldGen       total 68608K, used 55567K [0x00000000c0000000, 0x00000000c4300000, 0x00000000eab00000)
  object space 68608K, 80% used [0x00000000c0000000,0x00000000c3643c58,0x00000000c4300000)
 Metaspace       used 54500K, committed 55808K, reserved 1105920K
  class space    used 5801K, committed 6336K, reserved 1048576K
}
Event: 19.440 GC heap after
{Heap after GC invocations=44 (full 2):
 PSYoungGen      total 20992K, used 1099K [0x00000000eab00000, 0x00000000ec100000, 0x0000000100000000)
  eden space 19456K, 0% used [0x00000000eab00000,0x00000000eab00000,0x00000000ebe00000)
  from space 1536K, 71% used [0x00000000ebf80000,0x00000000ec092cf8,0x00000000ec100000)
  to   space 1536K, 0% used [0x00000000ebe00000,0x00000000ebe00000,0x00000000ebf80000)
 ParOldGen       total 68608K, used 56299K [0x00000000c0000000, 0x00000000c4300000, 0x00000000eab00000)
  object space 68608K, 82% used [0x00000000c0000000,0x00000000c36fae10,0x00000000c4300000)
 Metaspace       used 54500K, committed 55808K, reserved 1105920K
  class space    used 5801K, committed 6336K, reserved 1048576K
}
Event: 46.082 GC heap before
{Heap before GC invocations=45 (full 2):
 PSYoungGen      total 20992K, used 20555K [0x00000000eab00000, 0x00000000ec100000, 0x0000000100000000)
  eden space 19456K, 100% used [0x00000000eab00000,0x00000000ebe00000,0x00000000ebe00000)
  from space 1536K, 71% used [0x00000000ebf80000,0x00000000ec092cf8,0x00000000ec100000)
  to   space 1536K, 0% used [0x00000000ebe00000,0x00000000ebe00000,0x00000000ebf80000)
 ParOldGen       total 68608K, used 56299K [0x00000000c0000000, 0x00000000c4300000, 0x00000000eab00000)
  object space 68608K, 82% used [0x00000000c0000000,0x00000000c36fae10,0x00000000c4300000)
 Metaspace       used 55825K, committed 57024K, reserved 1105920K
  class space    used 5924K, committed 6464K, reserved 1048576K
}
Event: 46.084 GC heap after
{Heap after GC invocations=45 (full 2):
 PSYoungGen      total 20992K, used 1472K [0x00000000eab00000, 0x00000000ec200000, 0x0000000100000000)
  eden space 19456K, 0% used [0x00000000eab00000,0x00000000eab00000,0x00000000ebe00000)
  from space 1536K, 95% used [0x00000000ebe00000,0x00000000ebf70000,0x00000000ebf80000)
  to   space 2048K, 0% used [0x00000000ec000000,0x00000000ec000000,0x00000000ec200000)
 ParOldGen       total 68608K, used 56331K [0x00000000c0000000, 0x00000000c4300000, 0x00000000eab00000)
  object space 68608K, 82% used [0x00000000c0000000,0x00000000c3702e10,0x00000000c4300000)
 Metaspace       used 55825K, committed 57024K, reserved 1105920K
  class space    used 5924K, committed 6464K, reserved 1048576K
}
Event: 46.837 GC heap before
{Heap before GC invocations=46 (full 2):
 PSYoungGen      total 20992K, used 20928K [0x00000000eab00000, 0x00000000ec200000, 0x0000000100000000)
  eden space 19456K, 100% used [0x00000000eab00000,0x00000000ebe00000,0x00000000ebe00000)
  from space 1536K, 95% used [0x00000000ebe00000,0x00000000ebf70000,0x00000000ebf80000)
  to   space 2048K, 0% used [0x00000000ec000000,0x00000000ec000000,0x00000000ec200000)
 ParOldGen       total 80384K, used 79371K [0x00000000c0000000, 0x00000000c4e80000, 0x00000000eab00000)
  object space 80384K, 98% used [0x00000000c0000000,0x00000000c4d82e30,0x00000000c4e80000)
 Metaspace       used 56487K, committed 57728K, reserved 1105920K
  class space    used 5996K, committed 6528K, reserved 1048576K
}
Event: 46.839 GC heap after
{Heap after GC invocations=46 (full 2):
 PSYoungGen      total 20480K, used 741K [0x00000000eab00000, 0x00000000ec100000, 0x0000000100000000)
  eden space 19456K, 0% used [0x00000000eab00000,0x00000000eab00000,0x00000000ebe00000)
  from space 1024K, 72% used [0x00000000ec000000,0x00000000ec0b9420,0x00000000ec100000)
  to   space 1024K, 0% used [0x00000000ebf00000,0x00000000ebf00000,0x00000000ec000000)
 ParOldGen       total 80384K, used 80091K [0x00000000c0000000, 0x00000000c4e80000, 0x00000000eab00000)
  object space 80384K, 99% used [0x00000000c0000000,0x00000000c4e36fa0,0x00000000c4e80000)
 Metaspace       used 56487K, committed 57728K, reserved 1105920K
  class space    used 5996K, committed 6528K, reserved 1048576K
}
Event: 46.839 GC heap before
{Heap before GC invocations=47 (full 3):
 PSYoungGen      total 20480K, used 741K [0x00000000eab00000, 0x00000000ec100000, 0x0000000100000000)
  eden space 19456K, 0% used [0x00000000eab00000,0x00000000eab00000,0x00000000ebe00000)
  from space 1024K, 72% used [0x00000000ec000000,0x00000000ec0b9420,0x00000000ec100000)
  to   space 1024K, 0% used [0x00000000ebf00000,0x00000000ebf00000,0x00000000ec000000)
 ParOldGen       total 80384K, used 80091K [0x00000000c0000000, 0x00000000c4e80000, 0x00000000eab00000)
  object space 80384K, 99% used [0x00000000c0000000,0x00000000c4e36fa0,0x00000000c4e80000)
 Metaspace       used 56487K, committed 57728K, reserved 1105920K
  class space    used 5996K, committed 6528K, reserved 1048576K
}
Event: 46.956 GC heap after
{Heap after GC invocations=47 (full 3):
 PSYoungGen      total 19968K, used 0K [0x00000000eab00000, 0x00000000ec080000, 0x0000000100000000)
  eden space 19456K, 0% used [0x00000000eab00000,0x00000000eab00000,0x00000000ebe00000)
  from space 512K, 0% used [0x00000000ebf00000,0x00000000ebf00000,0x00000000ebf80000)
  to   space 1024K, 0% used [0x00000000ebf80000,0x00000000ebf80000,0x00000000ec080000)
 ParOldGen       total 66560K, used 40422K [0x00000000c0000000, 0x00000000c4100000, 0x00000000eab00000)
  object space 66560K, 60% used [0x00000000c0000000,0x00000000c27798b8,0x00000000c4100000)
 Metaspace       used 56480K, committed 57728K, reserved 1105920K
  class space    used 5994K, committed 6528K, reserved 1048576K
}
Event: 118.062 GC heap before
{Heap before GC invocations=48 (full 3):
 PSYoungGen      total 19968K, used 19456K [0x00000000eab00000, 0x00000000ec080000, 0x0000000100000000)
  eden space 19456K, 100% used [0x00000000eab00000,0x00000000ebe00000,0x00000000ebe00000)
  from space 512K, 0% used [0x00000000ebf00000,0x00000000ebf00000,0x00000000ebf80000)
  to   space 1024K, 0% used [0x00000000ebf80000,0x00000000ebf80000,0x00000000ec080000)
 ParOldGen       total 66560K, used 40422K [0x00000000c0000000, 0x00000000c4100000, 0x00000000eab00000)
  object space 66560K, 60% used [0x00000000c0000000,0x00000000c27798b8,0x00000000c4100000)
 Metaspace       used 56654K, committed 57920K, reserved 1105920K
  class space    used 6000K, committed 6528K, reserved 1048576K
}
Event: 118.063 GC heap after
{Heap after GC invocations=48 (full 3):
 PSYoungGen      total 19968K, used 416K [0x00000000eab00000, 0x00000000ec000000, 0x0000000100000000)
  eden space 19456K, 0% used [0x00000000eab00000,0x00000000eab00000,0x00000000ebe00000)
  from space 512K, 81% used [0x00000000ebf80000,0x00000000ebfe8000,0x00000000ec000000)
  to   space 1024K, 0% used [0x00000000ebe00000,0x00000000ebe00000,0x00000000ebf00000)
 ParOldGen       total 66560K, used 40430K [0x00000000c0000000, 0x00000000c4100000, 0x00000000eab00000)
  object space 66560K, 60% used [0x00000000c0000000,0x00000000c277b8b8,0x00000000c4100000)
 Metaspace       used 56654K, committed 57920K, reserved 1105920K
  class space    used 6000K, committed 6528K, reserved 1048576K
}
Event: 557.295 GC heap before
{Heap before GC invocations=49 (full 3):
 PSYoungGen      total 19968K, used 19872K [0x00000000eab00000, 0x00000000ec000000, 0x0000000100000000)
  eden space 19456K, 100% used [0x00000000eab00000,0x00000000ebe00000,0x00000000ebe00000)
  from space 512K, 81% used [0x00000000ebf80000,0x00000000ebfe8000,0x00000000ec000000)
  to   space 1024K, 0% used [0x00000000ebe00000,0x00000000ebe00000,0x00000000ebf00000)
 ParOldGen       total 66560K, used 40430K [0x00000000c0000000, 0x00000000c4100000, 0x00000000eab00000)
  object space 66560K, 60% used [0x00000000c0000000,0x00000000c277b8b8,0x00000000c4100000)
 Metaspace       used 57026K, committed 58368K, reserved 1105920K
  class space    used 6033K, committed 6592K, reserved 1048576K
}
Event: 557.364 GC heap after
{Heap after GC invocations=49 (full 3):
 PSYoungGen      total 20480K, used 448K [0x00000000eab00000, 0x00000000ec000000, 0x0000000100000000)
  eden space 19456K, 0% used [0x00000000eab00000,0x00000000eab00000,0x00000000ebe00000)
  from space 1024K, 43% used [0x00000000ebe00000,0x00000000ebe70000,0x00000000ebf00000)
  to   space 512K, 0% used [0x00000000ebf80000,0x00000000ebf80000,0x00000000ec000000)
 ParOldGen       total 66560K, used 40518K [0x00000000c0000000, 0x00000000c4100000, 0x00000000eab00000)
  object space 66560K, 60% used [0x00000000c0000000,0x00000000c27918b8,0x00000000c4100000)
 Metaspace       used 57026K, committed 58368K, reserved 1105920K
  class space    used 6033K, committed 6592K, reserved 1048576K
}

